{"D:\\Omar_Study\\Third Year Second Semester\\Software Engineering-2\\section\\project\\app.js": {"path":"D:\\Omar_Study\\Third Year Second Semester\\Software Engineering-2\\section\\project\\app.js","statementMap":{"0":{"start":{"line":1,"column":16},"end":{"line":1,"column":34}},"1":{"start":{"line":2,"column":12},"end":{"line":2,"column":21}},"2":{"start":{"line":3,"column":16},"end":{"line":3,"column":42}},"3":{"start":{"line":4,"column":22},"end":{"line":4,"column":55}},"4":{"start":{"line":5,"column":19},"end":{"line":5,"column":49}},"5":{"start":{"line":6,"column":23},"end":{"line":6,"column":57}},"6":{"start":{"line":7,"column":19},"end":{"line":7,"column":59}},"7":{"start":{"line":8,"column":19},"end":{"line":8,"column":50}},"8":{"start":{"line":9,"column":23},"end":{"line":9,"column":49}},"9":{"start":{"line":10,"column":21},"end":{"line":10,"column":45}},"10":{"start":{"line":11,"column":13},"end":{"line":11,"column":29}},"11":{"start":{"line":12,"column":15},"end":{"line":12,"column":32}},"12":{"start":{"line":13,"column":0},"end":{"line":13,"column":27}},"13":{"start":{"line":15,"column":0},"end":{"line":15,"column":35}},"14":{"start":{"line":17,"column":0},"end":{"line":17,"column":24}},"15":{"start":{"line":18,"column":23},"end":{"line":18,"column":46}},"16":{"start":{"line":20,"column":0},"end":{"line":20,"column":18}},"17":{"start":{"line":22,"column":0},"end":{"line":64,"column":2}},"18":{"start":{"line":67,"column":0},"end":{"line":67,"column":30}},"19":{"start":{"line":68,"column":0},"end":{"line":68,"column":33}},"20":{"start":{"line":69,"column":0},"end":{"line":69,"column":24}},"21":{"start":{"line":70,"column":0},"end":{"line":70,"column":48}},"22":{"start":{"line":71,"column":0},"end":{"line":83,"column":2}},"23":{"start":{"line":85,"column":0},"end":{"line":85,"column":24}},"24":{"start":{"line":87,"column":0},"end":{"line":93,"column":3}},"25":{"start":{"line":88,"column":2},"end":{"line":92,"column":3}},"26":{"start":{"line":89,"column":4},"end":{"line":89,"column":18}},"27":{"start":{"line":91,"column":4},"end":{"line":91,"column":42}},"28":{"start":{"line":95,"column":0},"end":{"line":97,"column":3}},"29":{"start":{"line":96,"column":2},"end":{"line":96,"column":43}},"30":{"start":{"line":115,"column":0},"end":{"line":115,"column":31}},"31":{"start":{"line":117,"column":0},"end":{"line":117,"column":28}},"32":{"start":{"line":119,"column":0},"end":{"line":119,"column":32}},"33":{"start":{"line":121,"column":0},"end":{"line":121,"column":25}},"34":{"start":{"line":123,"column":0},"end":{"line":123,"column":25}},"35":{"start":{"line":125,"column":0},"end":{"line":125,"column":21}}},"fnMap":{"0":{"name":"(anonymous_0)","decl":{"start":{"line":87,"column":8},"end":{"line":87,"column":9}},"loc":{"start":{"line":87,"column":28},"end":{"line":93,"column":1}},"line":87},"1":{"name":"(anonymous_1)","decl":{"start":{"line":95,"column":23},"end":{"line":95,"column":24}},"loc":{"start":{"line":95,"column":37},"end":{"line":97,"column":1}},"line":95}},"branchMap":{"0":{"loc":{"start":{"line":88,"column":2},"end":{"line":92,"column":3}},"type":"if","locations":[{"start":{"line":88,"column":2},"end":{"line":92,"column":3}},{"start":{"line":90,"column":9},"end":{"line":92,"column":3}}],"line":88}},"s":{"0":5,"1":5,"2":5,"3":5,"4":5,"5":5,"6":5,"7":5,"8":5,"9":5,"10":5,"11":5,"12":5,"13":5,"14":5,"15":5,"16":5,"17":5,"18":5,"19":5,"20":5,"21":5,"22":5,"23":5,"24":5,"25":85,"26":23,"27":62,"28":5,"29":46,"30":5,"31":5,"32":5,"33":5,"34":5,"35":5},"f":{"0":85,"1":46},"b":{"0":[23,62]},"_coverageSchema":"1a1c01bbd47fc00a2c39e90264f33305004495a9","hash":"379061405f9238e8695a95a1880c55a98ede6da8"}
,"D:\\Omar_Study\\Third Year Second Semester\\Software Engineering-2\\section\\project\\controllers\\authentication.controller.js": {"path":"D:\\Omar_Study\\Third Year Second Semester\\Software Engineering-2\\section\\project\\controllers\\authentication.controller.js","statementMap":{"0":{"start":{"line":1,"column":15},"end":{"line":1,"column":32}},"1":{"start":{"line":2,"column":14},"end":{"line":2,"column":45}},"2":{"start":{"line":4,"column":17},"end":{"line":57,"column":1}},"3":{"start":{"line":16,"column":8},"end":{"line":16,"column":16}},"4":{"start":{"line":18,"column":4},"end":{"line":23,"column":5}},"5":{"start":{"line":19,"column":8},"end":{"line":22,"column":11}},"6":{"start":{"line":25,"column":4},"end":{"line":30,"column":5}},"7":{"start":{"line":26,"column":8},"end":{"line":29,"column":11}},"8":{"start":{"line":32,"column":25},"end":{"line":32,"column":62}},"9":{"start":{"line":34,"column":4},"end":{"line":39,"column":5}},"10":{"start":{"line":35,"column":8},"end":{"line":38,"column":11}},"11":{"start":{"line":41,"column":27},"end":{"line":41,"column":58}},"12":{"start":{"line":42,"column":20},"end":{"line":52,"column":6}},"13":{"start":{"line":54,"column":4},"end":{"line":54,"column":25}},"14":{"start":{"line":55,"column":4},"end":{"line":55,"column":31}},"15":{"start":{"line":56,"column":4},"end":{"line":56,"column":26}},"16":{"start":{"line":60,"column":14},"end":{"line":82,"column":1}},"17":{"start":{"line":61,"column":32},"end":{"line":61,"column":40}},"18":{"start":{"line":62,"column":17},"end":{"line":62,"column":54}},"19":{"start":{"line":64,"column":4},"end":{"line":69,"column":5}},"20":{"start":{"line":65,"column":8},"end":{"line":68,"column":11}},"21":{"start":{"line":71,"column":28},"end":{"line":71,"column":73}},"22":{"start":{"line":73,"column":4},"end":{"line":78,"column":5}},"23":{"start":{"line":74,"column":8},"end":{"line":77,"column":11}},"24":{"start":{"line":80,"column":4},"end":{"line":80,"column":28}},"25":{"start":{"line":81,"column":4},"end":{"line":81,"column":26}},"26":{"start":{"line":84,"column":15},"end":{"line":87,"column":1}},"27":{"start":{"line":85,"column":4},"end":{"line":85,"column":26}},"28":{"start":{"line":86,"column":4},"end":{"line":86,"column":27}},"29":{"start":{"line":89,"column":0},"end":{"line":93,"column":1}}},"fnMap":{"0":{"name":"(anonymous_0)","decl":{"start":{"line":4,"column":17},"end":{"line":4,"column":18}},"loc":{"start":{"line":4,"column":37},"end":{"line":57,"column":1}},"line":4},"1":{"name":"(anonymous_1)","decl":{"start":{"line":60,"column":14},"end":{"line":60,"column":15}},"loc":{"start":{"line":60,"column":34},"end":{"line":82,"column":1}},"line":60},"2":{"name":"(anonymous_2)","decl":{"start":{"line":84,"column":15},"end":{"line":84,"column":16}},"loc":{"start":{"line":84,"column":35},"end":{"line":87,"column":1}},"line":84}},"branchMap":{"0":{"loc":{"start":{"line":18,"column":4},"end":{"line":23,"column":5}},"type":"if","locations":[{"start":{"line":18,"column":4},"end":{"line":23,"column":5}},{"start":{},"end":{}}],"line":18},"1":{"loc":{"start":{"line":18,"column":8},"end":{"line":18,"column":109}},"type":"binary-expr","locations":[{"start":{"line":18,"column":8},"end":{"line":18,"column":18}},{"start":{"line":18,"column":22},"end":{"line":18,"column":31}},{"start":{"line":18,"column":35},"end":{"line":18,"column":42}},{"start":{"line":18,"column":46},"end":{"line":18,"column":53}},{"start":{"line":18,"column":57},"end":{"line":18,"column":66}},{"start":{"line":18,"column":70},"end":{"line":18,"column":76}},{"start":{"line":18,"column":80},"end":{"line":18,"column":89}},{"start":{"line":18,"column":93},"end":{"line":18,"column":109}}],"line":18},"2":{"loc":{"start":{"line":25,"column":4},"end":{"line":30,"column":5}},"type":"if","locations":[{"start":{"line":25,"column":4},"end":{"line":30,"column":5}},{"start":{},"end":{}}],"line":25},"3":{"loc":{"start":{"line":34,"column":4},"end":{"line":39,"column":5}},"type":"if","locations":[{"start":{"line":34,"column":4},"end":{"line":39,"column":5}},{"start":{},"end":{}}],"line":34},"4":{"loc":{"start":{"line":64,"column":4},"end":{"line":69,"column":5}},"type":"if","locations":[{"start":{"line":64,"column":4},"end":{"line":69,"column":5}},{"start":{},"end":{}}],"line":64},"5":{"loc":{"start":{"line":73,"column":4},"end":{"line":78,"column":5}},"type":"if","locations":[{"start":{"line":73,"column":4},"end":{"line":78,"column":5}},{"start":{},"end":{}}],"line":73}},"s":{"0":5,"1":5,"2":5,"3":5,"4":5,"5":1,"6":4,"7":1,"8":3,"9":3,"10":1,"11":2,"12":2,"13":2,"14":2,"15":2,"16":5,"17":3,"18":3,"19":3,"20":1,"21":2,"22":2,"23":1,"24":1,"25":1,"26":5,"27":2,"28":2,"29":5},"f":{"0":5,"1":3,"2":2},"b":{"0":[1,4],"1":[5,4,4,4,4,4,4,4],"2":[1,3],"3":[1,2],"4":[1,2],"5":[1,1]},"_coverageSchema":"1a1c01bbd47fc00a2c39e90264f33305004495a9","hash":"1478723922b573f75bbc1e1cb21ae6e3cfdf8500"}
,"D:\\Omar_Study\\Third Year Second Semester\\Software Engineering-2\\section\\project\\controllers\\discount.controller.js": {"path":"D:\\Omar_Study\\Third Year Second Semester\\Software Engineering-2\\section\\project\\controllers\\discount.controller.js","statementMap":{"0":{"start":{"line":1,"column":17},"end":{"line":1,"column":51}},"1":{"start":{"line":3,"column":17},"end":{"line":23,"column":1}},"2":{"start":{"line":4,"column":27},"end":{"line":4,"column":35}},"3":{"start":{"line":5,"column":4},"end":{"line":5,"column":25}},"4":{"start":{"line":6,"column":4},"end":{"line":9,"column":5}},"5":{"start":{"line":7,"column":8},"end":{"line":7,"column":20}},"6":{"start":{"line":8,"column":8},"end":{"line":8,"column":29}},"7":{"start":{"line":10,"column":4},"end":{"line":22,"column":5}},"8":{"start":{"line":11,"column":24},"end":{"line":17,"column":10}},"9":{"start":{"line":19,"column":8},"end":{"line":19,"column":48}},"10":{"start":{"line":21,"column":8},"end":{"line":21,"column":51}},"11":{"start":{"line":25,"column":0},"end":{"line":27,"column":2}}},"fnMap":{"0":{"name":"(anonymous_0)","decl":{"start":{"line":3,"column":17},"end":{"line":3,"column":18}},"loc":{"start":{"line":3,"column":37},"end":{"line":23,"column":1}},"line":3}},"branchMap":{"0":{"loc":{"start":{"line":6,"column":4},"end":{"line":9,"column":5}},"type":"if","locations":[{"start":{"line":6,"column":4},"end":{"line":9,"column":5}},{"start":{},"end":{}}],"line":6}},"s":{"0":5,"1":5,"2":2,"3":2,"4":2,"5":1,"6":1,"7":2,"8":2,"9":1,"10":1,"11":5},"f":{"0":2},"b":{"0":[1,1]},"_coverageSchema":"1a1c01bbd47fc00a2c39e90264f33305004495a9","hash":"53d807a8983cfb2c3b21a1adfbf195285f2483b4"}
,"D:\\Omar_Study\\Third Year Second Semester\\Software Engineering-2\\section\\project\\controllers\\pages.controller.js": {"path":"D:\\Omar_Study\\Third Year Second Semester\\Software Engineering-2\\section\\project\\controllers\\pages.controller.js","statementMap":{"0":{"start":{"line":1,"column":16},"end":{"line":1,"column":50}},"1":{"start":{"line":2,"column":44},"end":{"line":2,"column":74}},"2":{"start":{"line":3,"column":29},"end":{"line":3,"column":55}},"3":{"start":{"line":5,"column":17},"end":{"line":27,"column":1}},"4":{"start":{"line":6,"column":2},"end":{"line":8,"column":3}},"5":{"start":{"line":7,"column":4},"end":{"line":7,"column":34}},"6":{"start":{"line":10,"column":2},"end":{"line":12,"column":3}},"7":{"start":{"line":11,"column":4},"end":{"line":11,"column":37}},"8":{"start":{"line":14,"column":2},"end":{"line":26,"column":3}},"9":{"start":{"line":15,"column":21},"end":{"line":15,"column":43}},"10":{"start":{"line":17,"column":4},"end":{"line":23,"column":7}},"11":{"start":{"line":25,"column":4},"end":{"line":25,"column":54}},"12":{"start":{"line":29,"column":18},"end":{"line":31,"column":1}},"13":{"start":{"line":30,"column":2},"end":{"line":30,"column":68}},"14":{"start":{"line":33,"column":21},"end":{"line":35,"column":1}},"15":{"start":{"line":34,"column":2},"end":{"line":34,"column":71}},"16":{"start":{"line":37,"column":21},"end":{"line":49,"column":1}},"17":{"start":{"line":38,"column":2},"end":{"line":40,"column":3}},"18":{"start":{"line":39,"column":4},"end":{"line":39,"column":33}},"19":{"start":{"line":41,"column":19},"end":{"line":41,"column":41}},"20":{"start":{"line":42,"column":2},"end":{"line":48,"column":5}},"21":{"start":{"line":51,"column":0},"end":{"line":56,"column":1}}},"fnMap":{"0":{"name":"(anonymous_0)","decl":{"start":{"line":5,"column":17},"end":{"line":5,"column":18}},"loc":{"start":{"line":5,"column":37},"end":{"line":27,"column":1}},"line":5},"1":{"name":"(anonymous_1)","decl":{"start":{"line":29,"column":18},"end":{"line":29,"column":19}},"loc":{"start":{"line":29,"column":32},"end":{"line":31,"column":1}},"line":29},"2":{"name":"(anonymous_2)","decl":{"start":{"line":33,"column":21},"end":{"line":33,"column":22}},"loc":{"start":{"line":33,"column":35},"end":{"line":35,"column":1}},"line":33},"3":{"name":"(anonymous_3)","decl":{"start":{"line":37,"column":21},"end":{"line":37,"column":22}},"loc":{"start":{"line":37,"column":41},"end":{"line":49,"column":1}},"line":37}},"branchMap":{"0":{"loc":{"start":{"line":6,"column":2},"end":{"line":8,"column":3}},"type":"if","locations":[{"start":{"line":6,"column":2},"end":{"line":8,"column":3}},{"start":{},"end":{}}],"line":6},"1":{"loc":{"start":{"line":10,"column":2},"end":{"line":12,"column":3}},"type":"if","locations":[{"start":{"line":10,"column":2},"end":{"line":12,"column":3}},{"start":{},"end":{}}],"line":10},"2":{"loc":{"start":{"line":38,"column":2},"end":{"line":40,"column":3}},"type":"if","locations":[{"start":{"line":38,"column":2},"end":{"line":40,"column":3}},{"start":{},"end":{}}],"line":38},"3":{"loc":{"start":{"line":38,"column":6},"end":{"line":38,"column":52}},"type":"binary-expr","locations":[{"start":{"line":38,"column":6},"end":{"line":38,"column":23}},{"start":{"line":38,"column":27},"end":{"line":38,"column":52}}],"line":38}},"s":{"0":5,"1":5,"2":5,"3":5,"4":3,"5":1,"6":2,"7":0,"8":2,"9":2,"10":1,"11":1,"12":5,"13":1,"14":5,"15":1,"16":5,"17":1,"18":1,"19":0,"20":0,"21":5},"f":{"0":3,"1":1,"2":1,"3":1},"b":{"0":[1,2],"1":[0,2],"2":[1,0],"3":[1,1]},"_coverageSchema":"1a1c01bbd47fc00a2c39e90264f33305004495a9","hash":"dd0995f1453a4068d32b79da072e38996918a7ff"}
,"D:\\Omar_Study\\Third Year Second Semester\\Software Engineering-2\\section\\project\\controllers\\product.controller.js": {"path":"D:\\Omar_Study\\Third Year Second Semester\\Software Engineering-2\\section\\project\\controllers\\product.controller.js","statementMap":{"0":{"start":{"line":1,"column":17},"end":{"line":1,"column":51}},"1":{"start":{"line":3,"column":20},"end":{"line":10,"column":1}},"2":{"start":{"line":4,"column":4},"end":{"line":9,"column":5}},"3":{"start":{"line":5,"column":25},"end":{"line":5,"column":46}},"4":{"start":{"line":6,"column":8},"end":{"line":6,"column":39}},"5":{"start":{"line":8,"column":8},"end":{"line":8,"column":36}},"6":{"start":{"line":12,"column":23},"end":{"line":20,"column":1}},"7":{"start":{"line":13,"column":4},"end":{"line":19,"column":5}},"8":{"start":{"line":14,"column":24},"end":{"line":14,"column":62}},"9":{"start":{"line":15,"column":8},"end":{"line":15,"column":38}},"10":{"start":{"line":16,"column":8},"end":{"line":16,"column":23}},"11":{"start":{"line":18,"column":8},"end":{"line":18,"column":36}},"12":{"start":{"line":22,"column":22},"end":{"line":38,"column":1}},"13":{"start":{"line":23,"column":4},"end":{"line":37,"column":5}},"14":{"start":{"line":24,"column":27},"end":{"line":32,"column":10}},"15":{"start":{"line":33,"column":8},"end":{"line":33,"column":31}},"16":{"start":{"line":34,"column":8},"end":{"line":34,"column":40}},"17":{"start":{"line":36,"column":8},"end":{"line":36,"column":35}},"18":{"start":{"line":40,"column":22},"end":{"line":62,"column":1}},"19":{"start":{"line":41,"column":4},"end":{"line":61,"column":5}},"20":{"start":{"line":42,"column":26},"end":{"line":42,"column":39}},"21":{"start":{"line":43,"column":24},"end":{"line":56,"column":9}},"22":{"start":{"line":58,"column":8},"end":{"line":58,"column":33}},"23":{"start":{"line":60,"column":8},"end":{"line":60,"column":36}},"24":{"start":{"line":64,"column":22},"end":{"line":73,"column":1}},"25":{"start":{"line":65,"column":4},"end":{"line":72,"column":5}},"26":{"start":{"line":66,"column":26},"end":{"line":66,"column":39}},"27":{"start":{"line":67,"column":24},"end":{"line":67,"column":68}},"28":{"start":{"line":69,"column":8},"end":{"line":69,"column":33}},"29":{"start":{"line":71,"column":8},"end":{"line":71,"column":36}},"30":{"start":{"line":75,"column":0},"end":{"line":81,"column":2}}},"fnMap":{"0":{"name":"(anonymous_0)","decl":{"start":{"line":3,"column":20},"end":{"line":3,"column":21}},"loc":{"start":{"line":3,"column":40},"end":{"line":10,"column":1}},"line":3},"1":{"name":"(anonymous_1)","decl":{"start":{"line":12,"column":23},"end":{"line":12,"column":24}},"loc":{"start":{"line":12,"column":43},"end":{"line":20,"column":1}},"line":12},"2":{"name":"(anonymous_2)","decl":{"start":{"line":22,"column":22},"end":{"line":22,"column":23}},"loc":{"start":{"line":22,"column":42},"end":{"line":38,"column":1}},"line":22},"3":{"name":"(anonymous_3)","decl":{"start":{"line":40,"column":22},"end":{"line":40,"column":23}},"loc":{"start":{"line":40,"column":42},"end":{"line":62,"column":1}},"line":40},"4":{"name":"(anonymous_4)","decl":{"start":{"line":64,"column":22},"end":{"line":64,"column":23}},"loc":{"start":{"line":64,"column":42},"end":{"line":73,"column":1}},"line":64}},"branchMap":{},"s":{"0":5,"1":5,"2":2,"3":2,"4":1,"5":1,"6":5,"7":2,"8":2,"9":1,"10":1,"11":1,"12":5,"13":2,"14":2,"15":2,"16":1,"17":1,"18":5,"19":2,"20":2,"21":2,"22":1,"23":1,"24":5,"25":2,"26":2,"27":2,"28":1,"29":1,"30":5},"f":{"0":2,"1":2,"2":2,"3":2,"4":2},"b":{},"_coverageSchema":"1a1c01bbd47fc00a2c39e90264f33305004495a9","hash":"95c97031085cc0fec54847c3fae01fc51c8b980d"}
,"D:\\Omar_Study\\Third Year Second Semester\\Software Engineering-2\\section\\project\\controllers\\user.controller.js": {"path":"D:\\Omar_Study\\Third Year Second Semester\\Software Engineering-2\\section\\project\\controllers\\user.controller.js","statementMap":{"0":{"start":{"line":1,"column":14},"end":{"line":1,"column":45}},"1":{"start":{"line":3,"column":17},"end":{"line":10,"column":1}},"2":{"start":{"line":4,"column":4},"end":{"line":9,"column":5}},"3":{"start":{"line":5,"column":22},"end":{"line":5,"column":40}},"4":{"start":{"line":6,"column":8},"end":{"line":6,"column":36}},"5":{"start":{"line":8,"column":8},"end":{"line":8,"column":36}},"6":{"start":{"line":12,"column":20},"end":{"line":20,"column":1}},"7":{"start":{"line":13,"column":4},"end":{"line":19,"column":5}},"8":{"start":{"line":14,"column":17},"end":{"line":14,"column":30}},"9":{"start":{"line":15,"column":21},"end":{"line":15,"column":45}},"10":{"start":{"line":16,"column":8},"end":{"line":16,"column":35}},"11":{"start":{"line":18,"column":8},"end":{"line":18,"column":36}},"12":{"start":{"line":22,"column":19},"end":{"line":40,"column":1}},"13":{"start":{"line":23,"column":4},"end":{"line":39,"column":5}},"14":{"start":{"line":24,"column":24},"end":{"line":34,"column":10}},"15":{"start":{"line":35,"column":8},"end":{"line":35,"column":29}},"16":{"start":{"line":36,"column":8},"end":{"line":36,"column":38}},"17":{"start":{"line":38,"column":8},"end":{"line":38,"column":36}},"18":{"start":{"line":43,"column":19},"end":{"line":78,"column":1}},"19":{"start":{"line":44,"column":4},"end":{"line":77,"column":5}},"20":{"start":{"line":45,"column":23},"end":{"line":45,"column":36}},"21":{"start":{"line":55,"column":12},"end":{"line":55,"column":20}},"22":{"start":{"line":57,"column":29},"end":{"line":57,"column":31}},"23":{"start":{"line":59,"column":8},"end":{"line":59,"column":72}},"24":{"start":{"line":59,"column":37},"end":{"line":59,"column":72}},"25":{"start":{"line":60,"column":8},"end":{"line":60,"column":69}},"26":{"start":{"line":60,"column":36},"end":{"line":60,"column":69}},"27":{"start":{"line":61,"column":8},"end":{"line":61,"column":63}},"28":{"start":{"line":61,"column":34},"end":{"line":61,"column":63}},"29":{"start":{"line":62,"column":8},"end":{"line":62,"column":63}},"30":{"start":{"line":62,"column":34},"end":{"line":62,"column":63}},"31":{"start":{"line":63,"column":8},"end":{"line":63,"column":69}},"32":{"start":{"line":63,"column":36},"end":{"line":63,"column":69}},"33":{"start":{"line":64,"column":8},"end":{"line":64,"column":60}},"34":{"start":{"line":64,"column":33},"end":{"line":64,"column":60}},"35":{"start":{"line":65,"column":8},"end":{"line":65,"column":69}},"36":{"start":{"line":65,"column":36},"end":{"line":65,"column":69}},"37":{"start":{"line":66,"column":8},"end":{"line":66,"column":73}},"38":{"start":{"line":66,"column":42},"end":{"line":66,"column":73}},"39":{"start":{"line":68,"column":21},"end":{"line":72,"column":9}},"40":{"start":{"line":74,"column":8},"end":{"line":74,"column":35}},"41":{"start":{"line":76,"column":8},"end":{"line":76,"column":36}},"42":{"start":{"line":81,"column":19},"end":{"line":89,"column":1}},"43":{"start":{"line":82,"column":4},"end":{"line":88,"column":5}},"44":{"start":{"line":83,"column":23},"end":{"line":83,"column":36}},"45":{"start":{"line":84,"column":21},"end":{"line":84,"column":59}},"46":{"start":{"line":85,"column":8},"end":{"line":85,"column":35}},"47":{"start":{"line":87,"column":8},"end":{"line":87,"column":35}},"48":{"start":{"line":91,"column":0},"end":{"line":97,"column":2}}},"fnMap":{"0":{"name":"(anonymous_0)","decl":{"start":{"line":3,"column":17},"end":{"line":3,"column":18}},"loc":{"start":{"line":3,"column":37},"end":{"line":10,"column":1}},"line":3},"1":{"name":"(anonymous_1)","decl":{"start":{"line":12,"column":20},"end":{"line":12,"column":21}},"loc":{"start":{"line":12,"column":40},"end":{"line":20,"column":1}},"line":12},"2":{"name":"(anonymous_2)","decl":{"start":{"line":22,"column":19},"end":{"line":22,"column":20}},"loc":{"start":{"line":22,"column":39},"end":{"line":40,"column":1}},"line":22},"3":{"name":"(anonymous_3)","decl":{"start":{"line":43,"column":19},"end":{"line":43,"column":20}},"loc":{"start":{"line":43,"column":39},"end":{"line":78,"column":1}},"line":43},"4":{"name":"(anonymous_4)","decl":{"start":{"line":81,"column":19},"end":{"line":81,"column":20}},"loc":{"start":{"line":81,"column":39},"end":{"line":89,"column":1}},"line":81}},"branchMap":{"0":{"loc":{"start":{"line":59,"column":8},"end":{"line":59,"column":72}},"type":"if","locations":[{"start":{"line":59,"column":8},"end":{"line":59,"column":72}},{"start":{},"end":{}}],"line":59},"1":{"loc":{"start":{"line":60,"column":8},"end":{"line":60,"column":69}},"type":"if","locations":[{"start":{"line":60,"column":8},"end":{"line":60,"column":69}},{"start":{},"end":{}}],"line":60},"2":{"loc":{"start":{"line":61,"column":8},"end":{"line":61,"column":63}},"type":"if","locations":[{"start":{"line":61,"column":8},"end":{"line":61,"column":63}},{"start":{},"end":{}}],"line":61},"3":{"loc":{"start":{"line":62,"column":8},"end":{"line":62,"column":63}},"type":"if","locations":[{"start":{"line":62,"column":8},"end":{"line":62,"column":63}},{"start":{},"end":{}}],"line":62},"4":{"loc":{"start":{"line":63,"column":8},"end":{"line":63,"column":69}},"type":"if","locations":[{"start":{"line":63,"column":8},"end":{"line":63,"column":69}},{"start":{},"end":{}}],"line":63},"5":{"loc":{"start":{"line":64,"column":8},"end":{"line":64,"column":60}},"type":"if","locations":[{"start":{"line":64,"column":8},"end":{"line":64,"column":60}},{"start":{},"end":{}}],"line":64},"6":{"loc":{"start":{"line":65,"column":8},"end":{"line":65,"column":69}},"type":"if","locations":[{"start":{"line":65,"column":8},"end":{"line":65,"column":69}},{"start":{},"end":{}}],"line":65},"7":{"loc":{"start":{"line":66,"column":8},"end":{"line":66,"column":73}},"type":"if","locations":[{"start":{"line":66,"column":8},"end":{"line":66,"column":73}},{"start":{},"end":{}}],"line":66}},"s":{"0":5,"1":5,"2":2,"3":2,"4":1,"5":1,"6":5,"7":2,"8":2,"9":2,"10":1,"11":1,"12":5,"13":2,"14":2,"15":2,"16":1,"17":1,"18":5,"19":3,"20":3,"21":3,"22":3,"23":3,"24":2,"25":3,"26":1,"27":3,"28":1,"29":3,"30":1,"31":3,"32":1,"33":3,"34":1,"35":3,"36":2,"37":3,"38":1,"39":3,"40":2,"41":1,"42":5,"43":2,"44":2,"45":2,"46":1,"47":1,"48":5},"f":{"0":2,"1":2,"2":2,"3":3,"4":2},"b":{"0":[2,1],"1":[1,2],"2":[1,2],"3":[1,2],"4":[1,2],"5":[1,2],"6":[2,1],"7":[1,2]},"_coverageSchema":"1a1c01bbd47fc00a2c39e90264f33305004495a9","hash":"2c6c4e20d01b20f66f9d38d1e38c43e752011c70"}
,"D:\\Omar_Study\\Third Year Second Semester\\Software Engineering-2\\section\\project\\helpers\\discount.js": {"path":"D:\\Omar_Study\\Third Year Second Semester\\Software Engineering-2\\section\\project\\helpers\\discount.js","statementMap":{"0":{"start":{"line":1,"column":21},"end":{"line":5,"column":1}},"1":{"start":{"line":2,"column":4},"end":{"line":3,"column":20}},"2":{"start":{"line":3,"column":8},"end":{"line":3,"column":20}},"3":{"start":{"line":4,"column":4},"end":{"line":4,"column":17}},"4":{"start":{"line":7,"column":26},"end":{"line":13,"column":1}},"5":{"start":{"line":8,"column":4},"end":{"line":10,"column":5}},"6":{"start":{"line":9,"column":8},"end":{"line":9,"column":51}},"7":{"start":{"line":11,"column":4},"end":{"line":11,"column":60}},"8":{"start":{"line":12,"column":4},"end":{"line":12,"column":17}},"9":{"start":{"line":15,"column":0},"end":{"line":15,"column":51}}},"fnMap":{"0":{"name":"(anonymous_0)","decl":{"start":{"line":1,"column":21},"end":{"line":1,"column":22}},"loc":{"start":{"line":1,"column":35},"end":{"line":5,"column":1}},"line":1},"1":{"name":"(anonymous_1)","decl":{"start":{"line":7,"column":26},"end":{"line":7,"column":27}},"loc":{"start":{"line":7,"column":47},"end":{"line":13,"column":1}},"line":7}},"branchMap":{"0":{"loc":{"start":{"line":2,"column":4},"end":{"line":3,"column":20}},"type":"if","locations":[{"start":{"line":2,"column":4},"end":{"line":3,"column":20}},{"start":{},"end":{}}],"line":2},"1":{"loc":{"start":{"line":8,"column":4},"end":{"line":10,"column":5}},"type":"if","locations":[{"start":{"line":8,"column":4},"end":{"line":10,"column":5}},{"start":{},"end":{}}],"line":8}},"s":{"0":5,"1":12,"2":3,"3":9,"4":5,"5":4,"6":1,"7":3,"8":3,"9":5},"f":{"0":12,"1":4},"b":{"0":[3,9],"1":[1,3]},"_coverageSchema":"1a1c01bbd47fc00a2c39e90264f33305004495a9","hash":"387313f3970a1ea7c95603c31a711becddd58750"}
,"D:\\Omar_Study\\Third Year Second Semester\\Software Engineering-2\\section\\project\\helpers\\home.js": {"path":"D:\\Omar_Study\\Third Year Second Semester\\Software Engineering-2\\section\\project\\helpers\\home.js","statementMap":{"0":{"start":{"line":1,"column":27},"end":{"line":10,"column":1}},"1":{"start":{"line":2,"column":26},"end":{"line":2,"column":45}},"2":{"start":{"line":3,"column":4},"end":{"line":9,"column":5}},"3":{"start":{"line":4,"column":8},"end":{"line":4,"column":28}},"4":{"start":{"line":6,"column":30},"end":{"line":6,"column":59}},"5":{"start":{"line":7,"column":8},"end":{"line":7,"column":32}},"6":{"start":{"line":8,"column":8},"end":{"line":8,"column":31}},"7":{"start":{"line":12,"column":0},"end":{"line":12,"column":37}}},"fnMap":{"0":{"name":"(anonymous_0)","decl":{"start":{"line":1,"column":27},"end":{"line":1,"column":28}},"loc":{"start":{"line":1,"column":45},"end":{"line":10,"column":1}},"line":1}},"branchMap":{"0":{"loc":{"start":{"line":3,"column":4},"end":{"line":9,"column":5}},"type":"if","locations":[{"start":{"line":3,"column":4},"end":{"line":9,"column":5}},{"start":{"line":5,"column":11},"end":{"line":9,"column":5}}],"line":3}},"s":{"0":6,"1":12,"2":12,"3":6,"4":6,"5":6,"6":6,"7":6},"f":{"0":12},"b":{"0":[6,6]},"_coverageSchema":"1a1c01bbd47fc00a2c39e90264f33305004495a9","hash":"69572983955a0ffcefd426ba5464ff40d8909d0b"}
,"D:\\Omar_Study\\Third Year Second Semester\\Software Engineering-2\\section\\project\\models\\product.model.js": {"path":"D:\\Omar_Study\\Third Year Second Semester\\Software Engineering-2\\section\\project\\models\\product.model.js","statementMap":{"0":{"start":{"line":1,"column":11},"end":{"line":1,"column":30}},"1":{"start":{"line":3,"column":16},"end":{"line":33,"column":2}},"2":{"start":{"line":35,"column":0},"end":{"line":35,"column":46}}},"fnMap":{},"branchMap":{},"s":{"0":5,"1":5,"2":5},"f":{},"b":{},"_coverageSchema":"1a1c01bbd47fc00a2c39e90264f33305004495a9","hash":"6f2fba50e9fada63e54ac287c1cc256085f76718"}
,"D:\\Omar_Study\\Third Year Second Semester\\Software Engineering-2\\section\\project\\models\\user.model.js": {"path":"D:\\Omar_Study\\Third Year Second Semester\\Software Engineering-2\\section\\project\\models\\user.model.js","statementMap":{"0":{"start":{"line":1,"column":11},"end":{"line":1,"column":30}},"1":{"start":{"line":2,"column":13},"end":{"line":43,"column":2}},"2":{"start":{"line":45,"column":0},"end":{"line":45,"column":40}}},"fnMap":{},"branchMap":{},"s":{"0":5,"1":5,"2":5},"f":{},"b":{},"_coverageSchema":"1a1c01bbd47fc00a2c39e90264f33305004495a9","hash":"d81666858479dc0021ff4666cb2f0fadb71e8c3b"}
,"D:\\Omar_Study\\Third Year Second Semester\\Software Engineering-2\\section\\project\\routes\\authentication.route.js": {"path":"D:\\Omar_Study\\Third Year Second Semester\\Software Engineering-2\\section\\project\\routes\\authentication.route.js","statementMap":{"0":{"start":{"line":1,"column":16},"end":{"line":1,"column":34}},"1":{"start":{"line":7,"column":4},"end":{"line":7,"column":55}},"2":{"start":{"line":9,"column":15},"end":{"line":9,"column":31}},"3":{"start":{"line":11,"column":0},"end":{"line":11,"column":35}},"4":{"start":{"line":13,"column":0},"end":{"line":13,"column":29}},"5":{"start":{"line":15,"column":0},"end":{"line":15,"column":30}},"6":{"start":{"line":17,"column":0},"end":{"line":17,"column":23}}},"fnMap":{},"branchMap":{},"s":{"0":5,"1":5,"2":5,"3":5,"4":5,"5":5,"6":5},"f":{},"b":{},"_coverageSchema":"1a1c01bbd47fc00a2c39e90264f33305004495a9","hash":"de632cfbaa2f7a0217b8698bc0d60a870ac36530"}
,"D:\\Omar_Study\\Third Year Second Semester\\Software Engineering-2\\section\\project\\routes\\discount.route.js": {"path":"D:\\Omar_Study\\Third Year Second Semester\\Software Engineering-2\\section\\project\\routes\\discount.route.js","statementMap":{"0":{"start":{"line":1,"column":16},"end":{"line":1,"column":34}},"1":{"start":{"line":5,"column":4},"end":{"line":5,"column":49}},"2":{"start":{"line":7,"column":15},"end":{"line":7,"column":31}},"3":{"start":{"line":9,"column":0},"end":{"line":9,"column":35}},"4":{"start":{"line":11,"column":0},"end":{"line":11,"column":24}}},"fnMap":{},"branchMap":{},"s":{"0":5,"1":5,"2":5,"3":5,"4":5},"f":{},"b":{},"_coverageSchema":"1a1c01bbd47fc00a2c39e90264f33305004495a9","hash":"357a1c963a425e104bb305baed4034fb3ddc5cda"}
,"D:\\Omar_Study\\Third Year Second Semester\\Software Engineering-2\\section\\project\\routes\\pages.route.js": {"path":"D:\\Omar_Study\\Third Year Second Semester\\Software Engineering-2\\section\\project\\routes\\pages.route.js","statementMap":{"0":{"start":{"line":2,"column":16},"end":{"line":2,"column":34}},"1":{"start":{"line":8,"column":4},"end":{"line":8,"column":46}},"2":{"start":{"line":10,"column":15},"end":{"line":10,"column":31}},"3":{"start":{"line":12,"column":0},"end":{"line":12,"column":30}},"4":{"start":{"line":13,"column":0},"end":{"line":13,"column":32}},"5":{"start":{"line":14,"column":0},"end":{"line":14,"column":38}},"6":{"start":{"line":15,"column":0},"end":{"line":15,"column":38}},"7":{"start":{"line":17,"column":0},"end":{"line":17,"column":24}}},"fnMap":{},"branchMap":{},"s":{"0":5,"1":5,"2":5,"3":5,"4":5,"5":5,"6":5,"7":5},"f":{},"b":{},"_coverageSchema":"1a1c01bbd47fc00a2c39e90264f33305004495a9","hash":"54914f846a1bcdccab9e3f32c33765bff435f6a5"}
,"D:\\Omar_Study\\Third Year Second Semester\\Software Engineering-2\\section\\project\\routes\\product.route.js": {"path":"D:\\Omar_Study\\Third Year Second Semester\\Software Engineering-2\\section\\project\\routes\\product.route.js","statementMap":{"0":{"start":{"line":1,"column":16},"end":{"line":1,"column":34}},"1":{"start":{"line":9,"column":4},"end":{"line":9,"column":48}},"2":{"start":{"line":11,"column":15},"end":{"line":11,"column":31}},"3":{"start":{"line":13,"column":0},"end":{"line":13,"column":36}},"4":{"start":{"line":15,"column":0},"end":{"line":15,"column":43}},"5":{"start":{"line":17,"column":0},"end":{"line":17,"column":39}},"6":{"start":{"line":19,"column":0},"end":{"line":19,"column":42}},"7":{"start":{"line":21,"column":0},"end":{"line":21,"column":45}},"8":{"start":{"line":23,"column":0},"end":{"line":23,"column":24}}},"fnMap":{},"branchMap":{},"s":{"0":5,"1":5,"2":5,"3":5,"4":5,"5":5,"6":5,"7":5,"8":5},"f":{},"b":{},"_coverageSchema":"1a1c01bbd47fc00a2c39e90264f33305004495a9","hash":"7b0d05578c61cd8d8296516fa5059285468212be"}
,"D:\\Omar_Study\\Third Year Second Semester\\Software Engineering-2\\section\\project\\routes\\user.route.js": {"path":"D:\\Omar_Study\\Third Year Second Semester\\Software Engineering-2\\section\\project\\routes\\user.route.js","statementMap":{"0":{"start":{"line":1,"column":16},"end":{"line":1,"column":34}},"1":{"start":{"line":9,"column":4},"end":{"line":9,"column":45}},"2":{"start":{"line":11,"column":15},"end":{"line":11,"column":31}},"3":{"start":{"line":13,"column":0},"end":{"line":13,"column":31}},"4":{"start":{"line":15,"column":0},"end":{"line":15,"column":38}},"5":{"start":{"line":17,"column":0},"end":{"line":17,"column":34}},"6":{"start":{"line":19,"column":0},"end":{"line":19,"column":37}},"7":{"start":{"line":21,"column":0},"end":{"line":21,"column":40}},"8":{"start":{"line":23,"column":0},"end":{"line":23,"column":24}}},"fnMap":{},"branchMap":{},"s":{"0":5,"1":5,"2":5,"3":5,"4":5,"5":5,"6":5,"7":5,"8":5},"f":{},"b":{},"_coverageSchema":"1a1c01bbd47fc00a2c39e90264f33305004495a9","hash":"aa1aa34ea314e4145fab0f5400fcffd99ceb36ac"}
}
