TN:
SF:app.js
FNF:0
FNH:0
DA:1,5
DA:2,5
DA:3,5
DA:4,5
DA:5,5
DA:6,5
DA:7,5
DA:8,5
DA:9,5
DA:11,5
DA:13,5
DA:14,5
DA:15,5
DA:16,5
DA:17,5
DA:42,5
DA:44,5
DA:46,5
DA:48,5
DA:50,5
DA:52,5
LF:21
LH:21
BRF:0
BRH:0
end_of_record
TN:
SF:controllers\authentication.controller.js
FN:4,(anonymous_0)
FN:60,(anonymous_1)
FN:84,(anonymous_2)
FNF:3
FNH:3
FNDA:6,(anonymous_0)
FNDA:3,(anonymous_1)
FNDA:2,(anonymous_2)
DA:1,5
DA:2,5
DA:4,5
DA:16,6
DA:18,6
DA:19,1
DA:25,5
DA:26,1
DA:32,4
DA:34,4
DA:35,1
DA:41,3
DA:42,3
DA:54,3
DA:55,3
DA:56,3
DA:60,5
DA:61,3
DA:62,3
DA:64,3
DA:65,1
DA:71,2
DA:73,2
DA:74,1
DA:80,1
DA:81,1
DA:84,5
DA:85,2
DA:86,2
DA:89,5
LF:30
LH:30
BRDA:18,0,0,1
BRDA:18,0,1,5
BRDA:18,1,0,6
BRDA:18,1,1,5
BRDA:18,1,2,5
BRDA:18,1,3,5
BRDA:18,1,4,5
BRDA:18,1,5,5
BRDA:18,1,6,5
BRDA:18,1,7,5
BRDA:25,2,0,1
BRDA:25,2,1,4
BRDA:34,3,0,1
BRDA:34,3,1,3
BRDA:64,4,0,1
BRDA:64,4,1,2
BRDA:73,5,0,1
BRDA:73,5,1,1
BRF:18
BRH:18
end_of_record
TN:
SF:controllers\discount.controller.js
FN:3,(anonymous_0)
FNF:1
FNH:1
FNDA:2,(anonymous_0)
DA:1,5
DA:3,5
DA:4,2
DA:5,2
DA:6,2
DA:7,1
DA:8,1
DA:10,2
DA:11,2
DA:19,1
DA:21,1
DA:25,5
LF:12
LH:12
BRDA:6,0,0,1
BRDA:6,0,1,1
BRF:2
BRH:2
end_of_record
TN:
SF:controllers\pages.controller.js
FN:5,(anonymous_0)
FN:29,(anonymous_1)
FN:33,(anonymous_2)
FN:37,(anonymous_3)
FNF:4
FNH:4
FNDA:4,(anonymous_0)
FNDA:1,(anonymous_1)
FNDA:1,(anonymous_2)
FNDA:2,(anonymous_3)
DA:1,5
DA:2,5
DA:3,5
DA:5,5
DA:6,4
DA:7,1
DA:10,3
DA:11,1
DA:14,2
DA:15,2
DA:17,1
DA:25,1
DA:29,5
DA:30,1
DA:33,5
DA:34,1
DA:37,5
DA:38,2
DA:39,1
DA:41,1
DA:42,1
DA:50,5
LF:22
LH:22
BRDA:6,0,0,1
BRDA:6,0,1,3
BRDA:10,1,0,1
BRDA:10,1,1,2
BRDA:38,2,0,1
BRDA:38,2,1,1
BRDA:38,3,0,2
BRDA:38,3,1,2
BRF:8
BRH:8
end_of_record
TN:
SF:controllers\product.controller.js
FN:3,(anonymous_0)
FN:12,(anonymous_1)
FN:22,(anonymous_2)
FN:40,(anonymous_3)
FN:64,(anonymous_4)
FNF:5
FNH:5
FNDA:2,(anonymous_0)
FNDA:2,(anonymous_1)
FNDA:2,(anonymous_2)
FNDA:2,(anonymous_3)
FNDA:2,(anonymous_4)
DA:1,5
DA:3,5
DA:4,2
DA:5,2
DA:6,1
DA:8,1
DA:12,5
DA:13,2
DA:14,2
DA:15,1
DA:16,1
DA:18,1
DA:22,5
DA:23,2
DA:24,2
DA:33,2
DA:34,1
DA:36,1
DA:40,5
DA:41,2
DA:42,2
DA:43,2
DA:58,1
DA:60,1
DA:64,5
DA:65,2
DA:66,2
DA:67,2
DA:69,1
DA:71,1
DA:75,5
LF:31
LH:31
BRF:0
BRH:0
end_of_record
TN:
SF:controllers\user.controller.js
FN:3,(anonymous_0)
FN:12,(anonymous_1)
FN:22,(anonymous_2)
FN:43,(anonymous_3)
FN:81,(anonymous_4)
FNF:5
FNH:5
FNDA:2,(anonymous_0)
FNDA:2,(anonymous_1)
FNDA:2,(anonymous_2)
FNDA:3,(anonymous_3)
FNDA:2,(anonymous_4)
DA:1,5
DA:3,5
DA:4,2
DA:5,2
DA:6,1
DA:8,1
DA:12,5
DA:13,2
DA:14,2
DA:15,2
DA:16,1
DA:18,1
DA:22,5
DA:23,2
DA:24,2
DA:35,2
DA:36,1
DA:38,1
DA:43,5
DA:44,3
DA:45,3
DA:55,3
DA:57,3
DA:59,3
DA:60,3
DA:61,3
DA:62,3
DA:63,3
DA:64,3
DA:65,3
DA:66,3
DA:68,3
DA:74,2
DA:76,1
DA:81,5
DA:82,2
DA:83,2
DA:84,2
DA:85,1
DA:87,1
DA:91,5
LF:41
LH:41
BRDA:59,0,0,2
BRDA:59,0,1,1
BRDA:60,1,0,1
BRDA:60,1,1,2
BRDA:61,2,0,1
BRDA:61,2,1,2
BRDA:62,3,0,1
BRDA:62,3,1,2
BRDA:63,4,0,1
BRDA:63,4,1,2
BRDA:64,5,0,1
BRDA:64,5,1,2
BRDA:65,6,0,2
BRDA:65,6,1,1
BRDA:66,7,0,1
BRDA:66,7,1,2
BRF:16
BRH:16
end_of_record
TN:
SF:helpers\discount.js
FN:1,(anonymous_0)
FN:7,(anonymous_1)
FNF:2
FNH:2
FNDA:20,(anonymous_0)
FNDA:8,(anonymous_1)
DA:1,5
DA:2,20
DA:3,7
DA:4,13
DA:7,5
DA:8,8
DA:9,1
DA:11,7
DA:12,7
DA:15,5
LF:10
LH:10
BRDA:2,0,0,7
BRDA:2,0,1,13
BRDA:8,1,0,1
BRDA:8,1,1,7
BRF:4
BRH:4
end_of_record
TN:
SF:helpers\home.js
FN:1,(anonymous_0)
FNF:1
FNH:1
FNDA:11,(anonymous_0)
DA:1,6
DA:2,11
DA:3,11
DA:4,5
DA:6,6
DA:7,6
DA:8,6
DA:12,6
LF:8
LH:8
BRDA:3,0,0,5
BRDA:3,0,1,6
BRF:2
BRH:2
end_of_record
TN:
SF:models\product.model.js
FNF:0
FNH:0
DA:1,5
DA:3,5
DA:35,5
LF:3
LH:3
BRF:0
BRH:0
end_of_record
TN:
SF:models\user.model.js
FNF:0
FNH:0
DA:1,5
DA:2,5
DA:45,5
LF:3
LH:3
BRF:0
BRH:0
end_of_record
TN:
SF:routes\authentication.route.js
FNF:0
FNH:0
DA:1,5
DA:7,5
DA:9,5
DA:11,5
DA:13,5
DA:15,5
DA:17,5
LF:7
LH:7
BRF:0
BRH:0
end_of_record
TN:
SF:routes\discount.route.js
FNF:0
FNH:0
DA:1,5
DA:5,5
DA:7,5
DA:9,5
DA:11,5
LF:5
LH:5
BRF:0
BRH:0
end_of_record
TN:
SF:routes\pages.route.js
FNF:0
FNH:0
DA:2,5
DA:8,5
DA:10,5
DA:12,5
DA:13,5
DA:14,5
DA:15,5
DA:17,5
LF:8
LH:8
BRF:0
BRH:0
end_of_record
TN:
SF:routes\product.route.js
FNF:0
FNH:0
DA:1,5
DA:9,5
DA:11,5
DA:13,5
DA:15,5
DA:17,5
DA:19,5
DA:21,5
DA:23,5
LF:9
LH:9
BRF:0
BRH:0
end_of_record
TN:
SF:routes\user.route.js
FNF:0
FNH:0
DA:1,5
DA:9,5
DA:11,5
DA:13,5
DA:15,5
DA:17,5
DA:19,5
DA:21,5
DA:23,5
LF:9
LH:9
BRF:0
BRH:0
end_of_record
