TN:
SF:app.js
FN:87,(anonymous_0)
FN:95,(anonymous_1)
FNF:2
FNH:2
FNDA:25,(anonymous_0)
FNDA:8,(anonymous_1)
DA:1,5
DA:2,5
DA:3,5
DA:4,5
DA:5,5
DA:6,5
DA:7,5
DA:8,5
DA:9,5
DA:10,5
DA:11,5
DA:12,5
DA:13,5
DA:15,5
DA:17,5
DA:18,5
DA:20,5
DA:22,5
DA:67,5
DA:68,5
DA:69,5
DA:70,5
DA:71,5
DA:85,5
DA:87,5
DA:88,25
DA:89,8
DA:91,17
DA:95,5
DA:96,8
DA:115,5
DA:117,5
DA:119,5
DA:121,5
DA:123,5
DA:125,5
LF:36
LH:36
BRDA:88,0,0,8
BRDA:88,0,1,17
BRF:2
BRH:2
end_of_record
TN:
SF:controllers\authentication.controller.js
FN:4,(anonymous_0)
FN:60,(anonymous_1)
FN:84,(anonymous_2)
FNF:3
FNH:1
FNDA:0,(anonymous_0)
FNDA:0,(anonymous_1)
FNDA:2,(anonymous_2)
DA:1,5
DA:2,5
DA:4,5
DA:16,0
DA:18,0
DA:19,0
DA:25,0
DA:26,0
DA:32,0
DA:34,0
DA:35,0
DA:41,0
DA:42,0
DA:54,0
DA:55,0
DA:56,0
DA:60,5
DA:61,0
DA:62,0
DA:64,0
DA:65,0
DA:71,0
DA:73,0
DA:74,0
DA:80,0
DA:81,0
DA:84,5
DA:85,2
DA:86,2
DA:89,5
LF:30
LH:8
BRDA:18,0,0,0
BRDA:18,0,1,0
BRDA:18,1,0,0
BRDA:18,1,1,0
BRDA:18,1,2,0
BRDA:18,1,3,0
BRDA:18,1,4,0
BRDA:18,1,5,0
BRDA:18,1,6,0
BRDA:18,1,7,0
BRDA:25,2,0,0
BRDA:25,2,1,0
BRDA:34,3,0,0
BRDA:34,3,1,0
BRDA:64,4,0,0
BRDA:64,4,1,0
BRDA:73,5,0,0
BRDA:73,5,1,0
BRF:18
BRH:0
end_of_record
TN:
SF:controllers\discount.controller.js
FN:3,(anonymous_0)
FNF:1
FNH:0
FNDA:0,(anonymous_0)
DA:1,5
DA:3,5
DA:4,0
DA:5,0
DA:6,0
DA:7,0
DA:8,0
DA:10,0
DA:11,0
DA:19,0
DA:21,0
DA:25,5
LF:12
LH:3
BRDA:6,0,0,0
BRDA:6,0,1,0
BRF:2
BRH:0
end_of_record
TN:
SF:controllers\pages.controller.js
FN:5,(anonymous_0)
FN:29,(anonymous_1)
FN:33,(anonymous_2)
FN:37,(anonymous_3)
FNF:4
FNH:4
FNDA:4,(anonymous_0)
FNDA:1,(anonymous_1)
FNDA:1,(anonymous_2)
FNDA:1,(anonymous_3)
DA:1,5
DA:2,5
DA:3,5
DA:5,5
DA:6,4
DA:7,4
DA:10,0
DA:11,0
DA:14,0
DA:15,0
DA:17,0
DA:25,0
DA:29,5
DA:30,1
DA:33,5
DA:34,1
DA:37,5
DA:38,1
DA:39,1
DA:41,0
DA:42,0
DA:51,5
LF:22
LH:14
BRDA:6,0,0,4
BRDA:6,0,1,0
BRDA:10,1,0,0
BRDA:10,1,1,0
BRDA:38,2,0,1
BRDA:38,2,1,0
BRDA:38,3,0,1
BRDA:38,3,1,0
BRF:8
BRH:3
end_of_record
TN:
SF:controllers\product.controller.js
FN:3,(anonymous_0)
FN:12,(anonymous_1)
FN:22,(anonymous_2)
FN:40,(anonymous_3)
FN:64,(anonymous_4)
FNF:5
FNH:2
FNDA:2,(anonymous_0)
FNDA:2,(anonymous_1)
FNDA:0,(anonymous_2)
FNDA:0,(anonymous_3)
FNDA:0,(anonymous_4)
DA:1,5
DA:3,5
DA:4,2
DA:5,2
DA:6,1
DA:8,1
DA:12,5
DA:13,2
DA:14,2
DA:15,1
DA:16,1
DA:18,1
DA:22,5
DA:23,0
DA:24,0
DA:33,0
DA:34,0
DA:36,0
DA:40,5
DA:41,0
DA:42,0
DA:43,0
DA:58,0
DA:60,0
DA:64,5
DA:65,0
DA:66,0
DA:67,0
DA:69,0
DA:71,0
DA:75,5
LF:31
LH:16
BRF:0
BRH:0
end_of_record
TN:
SF:controllers\user.controller.js
FN:3,(anonymous_0)
FN:12,(anonymous_1)
FN:22,(anonymous_2)
FN:43,(anonymous_3)
FN:81,(anonymous_4)
FNF:5
FNH:2
FNDA:2,(anonymous_0)
FNDA:2,(anonymous_1)
FNDA:0,(anonymous_2)
FNDA:0,(anonymous_3)
FNDA:0,(anonymous_4)
DA:1,5
DA:3,5
DA:4,2
DA:5,2
DA:6,1
DA:8,1
DA:12,5
DA:13,2
DA:14,2
DA:15,2
DA:16,1
DA:18,1
DA:22,5
DA:23,0
DA:24,0
DA:35,0
DA:36,0
DA:38,0
DA:43,5
DA:44,0
DA:45,0
DA:55,0
DA:57,0
DA:59,0
DA:60,0
DA:61,0
DA:62,0
DA:63,0
DA:64,0
DA:65,0
DA:66,0
DA:68,0
DA:74,0
DA:76,0
DA:81,5
DA:82,0
DA:83,0
DA:84,0
DA:85,0
DA:87,0
DA:91,5
LF:41
LH:16
BRDA:59,0,0,0
BRDA:59,0,1,0
BRDA:60,1,0,0
BRDA:60,1,1,0
BRDA:61,2,0,0
BRDA:61,2,1,0
BRDA:62,3,0,0
BRDA:62,3,1,0
BRDA:63,4,0,0
BRDA:63,4,1,0
BRDA:64,5,0,0
BRDA:64,5,1,0
BRDA:65,6,0,0
BRDA:65,6,1,0
BRDA:66,7,0,0
BRDA:66,7,1,0
BRF:16
BRH:0
end_of_record
TN:
SF:helpers\discount.js
FN:1,(anonymous_0)
FN:7,(anonymous_1)
FNF:2
FNH:2
FNDA:2,(anonymous_0)
FNDA:2,(anonymous_1)
DA:1,5
DA:2,2
DA:3,1
DA:4,1
DA:7,5
DA:8,2
DA:9,1
DA:11,1
DA:12,1
DA:15,5
LF:10
LH:10
BRDA:2,0,0,1
BRDA:2,0,1,1
BRDA:8,1,0,1
BRDA:8,1,1,1
BRF:4
BRH:4
end_of_record
TN:
SF:helpers\home.js
FN:1,(anonymous_0)
FNF:1
FNH:1
FNDA:2,(anonymous_0)
DA:1,6
DA:2,2
DA:3,2
DA:4,1
DA:6,1
DA:7,1
DA:8,1
DA:12,6
LF:8
LH:8
BRDA:3,0,0,1
BRDA:3,0,1,1
BRF:2
BRH:2
end_of_record
TN:
SF:models\product.model.js
FNF:0
FNH:0
DA:1,5
DA:3,5
DA:35,5
LF:3
LH:3
BRF:0
BRH:0
end_of_record
TN:
SF:models\user.model.js
FNF:0
FNH:0
DA:1,5
DA:2,5
DA:45,5
LF:3
LH:3
BRF:0
BRH:0
end_of_record
TN:
SF:routes\authentication.route.js
FNF:0
FNH:0
DA:1,5
DA:7,5
DA:9,5
DA:11,5
DA:13,5
DA:15,5
DA:17,5
LF:7
LH:7
BRF:0
BRH:0
end_of_record
TN:
SF:routes\discount.route.js
FNF:0
FNH:0
DA:1,5
DA:5,5
DA:7,5
DA:9,5
DA:11,5
LF:5
LH:5
BRF:0
BRH:0
end_of_record
TN:
SF:routes\pages.route.js
FNF:0
FNH:0
DA:2,5
DA:8,5
DA:10,5
DA:12,5
DA:13,5
DA:14,5
DA:15,5
DA:17,5
LF:8
LH:8
BRF:0
BRH:0
end_of_record
TN:
SF:routes\product.route.js
FNF:0
FNH:0
DA:1,5
DA:9,5
DA:11,5
DA:13,5
DA:15,5
DA:17,5
DA:19,5
DA:21,5
DA:23,5
LF:9
LH:9
BRF:0
BRH:0
end_of_record
TN:
SF:routes\user.route.js
FNF:0
FNH:0
DA:1,5
DA:9,5
DA:11,5
DA:13,5
DA:15,5
DA:17,5
DA:19,5
DA:21,5
DA:23,5
LF:9
LH:9
BRF:0
BRH:0
end_of_record
